#
# There is insufficient memory for the Java Runtime Environment to continue.
# Native memory allocation (mmap) failed to map 132120576 bytes. Error detail: G1 virtual space
# Possible reasons:
#   The system is out of physical RAM or swap space
#   This process is running with CompressedOops enabled, and the Java Heap may be blocking the growth of the native heap
# Possible solutions:
#   Reduce memory load on the system
#   Increase physical memory or swap space
#   Check if swap backing store is full
#   Decrease Java heap size (-Xmx/-Xms)
#   Decrease number of Java threads
#   Decrease Java thread stack sizes (-Xss)
#   Set larger code cache with -XX:ReservedCodeCacheSize=
#   JVM is running with Unscaled Compressed Oops mode in which the Java heap is
#     placed in the first 4GB address space. The Java Heap base address is the
#     maximum limit for the native heap growth. Please use -XX:HeapBaseMinAddress
#     to set the Java Heap base and to place the Java Heap above 4GB virtual address.
# This output file may be truncated or incomplete.
#
#  Out of Memory Error (os_windows.cpp:3825), pid=3152, tid=20120
#
# JRE version:  (17.0.11+1) (build )
# Java VM: OpenJDK 64-Bit Server VM (17.0.11+1-b1207.24, mixed mode, sharing, tiered, compressed oops, compressed class ptrs, g1 gc, windows-amd64)
# No core dump will be written. Minidumps are not enabled by default on client versions of Windows
#

---------------  S U M M A R Y ------------

Command Line: git4idea.http.GitAskPassApp Username for 'https://github.com': 

Host: Intel(R) Core(TM) i3-8130U CPU @ 2.20GHz, 4 cores, 7G,  Windows 10 , 64 bit Build 19041 (10.0.19041.4957)
Time: Sat Nov  9 15:44:27 2024 Hora est. Pacífico, Sudamérica elapsed time: 0.022979 seconds (0d 0h 0m 0s)

---------------  T H R E A D  ---------------

Current thread (0x00000220b356d760):  JavaThread "Unknown thread" [_thread_in_vm, id=20120, stack(0x0000005258a00000,0x0000005258b00000)]

Stack: [0x0000005258a00000,0x0000005258b00000]
Native frames: (J=compiled Java code, j=interpreted, Vv=VM code, C=native code)
V  [jvm.dll+0x6877f9]
V  [jvm.dll+0x8411aa]
V  [jvm.dll+0x842e2e]
V  [jvm.dll+0x843493]
V  [jvm.dll+0x249fdf]
V  [jvm.dll+0x6845c9]
V  [jvm.dll+0x678e7a]
V  [jvm.dll+0x30ab4b]
V  [jvm.dll+0x311ff6]
V  [jvm.dll+0x361a5e]
V  [jvm.dll+0x361c8f]
V  [jvm.dll+0x2e0978]
V  [jvm.dll+0x2e18e4]
V  [jvm.dll+0x811c71]
V  [jvm.dll+0x36f7c8]
V  [jvm.dll+0x7f05f6]
V  [jvm.dll+0x3f398f]
V  [jvm.dll+0x3f5541]
C  [jli.dll+0x528f]
C  [ucrtbase.dll+0x21bb2]
C  [KERNEL32.DLL+0x17374]
C  [ntdll.dll+0x4cc91]


---------------  P R O C E S S  ---------------

Threads class SMR info:
_java_thread_list=0x00007ff9226cefd8, length=0, elements={
}

Java Threads: ( => current thread )

Other Threads:
  0x00000220b35c1fe0 GCTaskThread "GC Thread#0" [stack: 0x0000005258b00000,0x0000005258c00000] [id=15896]
  0x00000220b35d3a50 ConcurrentGCThread "G1 Main Marker" [stack: 0x0000005258c00000,0x0000005258d00000] [id=9788]
  0x00000220b35d4380 ConcurrentGCThread "G1 Conc#0" [stack: 0x0000005258d00000,0x0000005258e00000] [id=12256]

[error occurred during error reporting (printing all threads), id 0xc0000005, EXCEPTION_ACCESS_VIOLATION (0xc0000005) at pc=0x00007ff921e81547]

VM state: not at safepoint (not fully initialized)

VM Mutex/Monitor currently owned by a thread:  ([mutex/lock_event])
[0x00000220b3568000] Heap_lock - owner thread: 0x00000220b356d760

Heap address: 0x0000000082000000, size: 2016 MB, Compressed Oops mode: 32-bit

CDS archive(s) mapped at: [0x0000000000000000-0x0000000000000000-0x0000000000000000), size 0, SharedBaseAddress: 0x0000000800000000, ArchiveRelocationMode: 1.
Narrow klass base: 0x0000000000000000, Narrow klass shift: 0, Narrow klass range: 0x0

GC Precious Log:
<Empty>

Heap:
 garbage-first heap   total 0K, used 0K [0x0000000082000000, 0x0000000100000000)
  region size 1024K, 0 young (0K), 0 survivors (0K)
 Metaspace       used 0K, committed 0K, reserved 0K
  class space    used 0K, committed 0K, reserved 0K

Heap Regions: E=young(eden), S=young(survivor), O=old, HS=humongous(starts), HC=humongous(continues), CS=collection set, F=free, OA=open archive, CA=closed archive, TAMS=top-at-mark-start (previous, next)

Card table byte_map: [0x00000220c60e0000,0x00000220c64d0000] _byte_map_base: 0x00000220c5cd0000

Marking Bits (Prev, Next): (CMBitMap*) 0x00000220b35c3520, (CMBitMap*) 0x00000220b35c3560
 Prev Bits: [0x00000220c68c0000, 0x00000220c8840000)
 Next Bits: [0x00000220c8840000, 0x00000220ca7c0000)

GC Heap History (0 events):
No events

Dll operation events (1 events):
Event: 0.014 Loaded shared library C:\Program Files\JetBrains\PyCharm 2024.1.2\jbr\bin\java.dll

Deoptimization events (0 events):
No events

Classes unloaded (0 events):
No events

Classes redefined (0 events):
No events

Internal exceptions (0 events):
No events

VM Operations (0 events):
No events

Events (0 events):
No events


Dynamic libraries:
0x00007ff79a1b0000 - 0x00007ff79a1ba000 	C:\Program Files\JetBrains\PyCharm 2024.1.2\jbr\bin\java.exe
0x00007ff992fb0000 - 0x00007ff9931a8000 	C:\Windows\SYSTEM32\ntdll.dll
0x00007ff991950000 - 0x00007ff991a12000 	C:\Windows\System32\KERNEL32.DLL
0x00007ff9909d0000 - 0x00007ff990cce000 	C:\Windows\System32\KERNELBASE.dll
0x00007ff990d30000 - 0x00007ff990e30000 	C:\Windows\System32\ucrtbase.dll
0x00007ff979270000 - 0x00007ff979287000 	C:\Program Files\JetBrains\PyCharm 2024.1.2\jbr\bin\jli.dll
0x00007ff95a520000 - 0x00007ff95a53b000 	C:\Program Files\JetBrains\PyCharm 2024.1.2\jbr\bin\VCRUNTIME140.dll
0x00007ff992dd0000 - 0x00007ff992f6d000 	C:\Windows\System32\USER32.dll
0x00007ff97cc70000 - 0x00007ff97cf0a000 	C:\Windows\WinSxS\amd64_microsoft.windows.common-controls_6595b64144ccf1df_6.0.19041.4355_none_60b8b9eb71f62e16\COMCTL32.dll
0x00007ff992a20000 - 0x00007ff992abe000 	C:\Windows\System32\msvcrt.dll
0x00007ff9927d0000 - 0x00007ff9927fb000 	C:\Windows\System32\GDI32.dll
0x00007ff990d00000 - 0x00007ff990d22000 	C:\Windows\System32\win32u.dll
0x00007ff9908b0000 - 0x00007ff9909c7000 	C:\Windows\System32\gdi32full.dll
0x00007ff990e80000 - 0x00007ff990f1d000 	C:\Windows\System32\msvcp_win.dll
0x00007ff992ac0000 - 0x00007ff992aef000 	C:\Windows\System32\IMM32.DLL
0x00007ff98d660000 - 0x00007ff98d66c000 	C:\Program Files\JetBrains\PyCharm 2024.1.2\jbr\bin\vcruntime140_1.dll
0x00007ff922bc0000 - 0x00007ff922c4d000 	C:\Program Files\JetBrains\PyCharm 2024.1.2\jbr\bin\msvcp140.dll
0x00007ff921b90000 - 0x00007ff922813000 	C:\Program Files\JetBrains\PyCharm 2024.1.2\jbr\bin\server\jvm.dll
0x00007ff992590000 - 0x00007ff992642000 	C:\Windows\System32\ADVAPI32.dll
0x00007ff992320000 - 0x00007ff9923c0000 	C:\Windows\System32\sechost.dll
0x00007ff9921f0000 - 0x00007ff992313000 	C:\Windows\System32\RPCRT4.dll
0x00007ff990cd0000 - 0x00007ff990cf7000 	C:\Windows\System32\bcrypt.dll
0x00007ff9904b0000 - 0x00007ff9904fb000 	C:\Windows\SYSTEM32\POWRPROF.dll
0x00007ff9787f0000 - 0x00007ff9787f9000 	C:\Windows\SYSTEM32\WSOCK32.dll
0x00007ff97a6e0000 - 0x00007ff97a707000 	C:\Windows\SYSTEM32\WINMM.dll
0x00007ff989ca0000 - 0x00007ff989caa000 	C:\Windows\SYSTEM32\VERSION.dll
0x00007ff991740000 - 0x00007ff9917ab000 	C:\Windows\System32\WS2_32.dll
0x00007ff990490000 - 0x00007ff9904a2000 	C:\Windows\SYSTEM32\UMPDC.dll
0x00007ff98ee30000 - 0x00007ff98ee42000 	C:\Windows\SYSTEM32\kernel.appcore.dll
0x00007ff98ce70000 - 0x00007ff98ce7a000 	C:\Program Files\JetBrains\PyCharm 2024.1.2\jbr\bin\jimage.dll
0x00007ff98e370000 - 0x00007ff98e554000 	C:\Windows\SYSTEM32\DBGHELP.DLL
0x00007ff96b730000 - 0x00007ff96b764000 	C:\Windows\SYSTEM32\dbgcore.DLL
0x00007ff9907b0000 - 0x00007ff990832000 	C:\Windows\System32\bcryptPrimitives.dll
0x00007ff98a0e0000 - 0x00007ff98a105000 	C:\Program Files\JetBrains\PyCharm 2024.1.2\jbr\bin\java.dll

dbghelp: loaded successfully - version: 4.0.5 - missing functions: none
symbol engine: initialized successfully - sym options: 0x614 - pdb path: .;C:\Program Files\JetBrains\PyCharm 2024.1.2\jbr\bin;C:\Windows\SYSTEM32;C:\Windows\WinSxS\amd64_microsoft.windows.common-controls_6595b64144ccf1df_6.0.19041.4355_none_60b8b9eb71f62e16;C:\Program Files\JetBrains\PyCharm 2024.1.2\jbr\bin\server

VM Arguments:
java_command: git4idea.http.GitAskPassApp Username for 'https://github.com': 
java_class_path (initial): C:/Program Files/JetBrains/PyCharm 2024.1.2/plugins/vcs-git/lib/git4idea-rt.jar;C:/Program Files/JetBrains/PyCharm 2024.1.2/lib/externalProcess-rt.jar
Launcher Type: SUN_STANDARD

[Global flags]
     intx CICompilerCount                          = 3                                         {product} {ergonomic}
     uint ConcGCThreads                            = 1                                         {product} {ergonomic}
     uint G1ConcRefinementThreads                  = 4                                         {product} {ergonomic}
   size_t G1HeapRegionSize                         = 1048576                                   {product} {ergonomic}
    uintx GCDrainStackTargetSize                   = 64                                        {product} {ergonomic}
   size_t InitialHeapSize                          = 132120576                                 {product} {ergonomic}
   size_t MarkStackSize                            = 4194304                                   {product} {ergonomic}
   size_t MaxHeapSize                              = 2113929216                                {product} {ergonomic}
   size_t MinHeapDeltaBytes                        = 1048576                                   {product} {ergonomic}
   size_t MinHeapSize                              = 8388608                                   {product} {ergonomic}
    uintx NonNMethodCodeHeapSize                   = 5832780                                {pd product} {ergonomic}
    uintx NonProfiledCodeHeapSize                  = 122912730                              {pd product} {ergonomic}
    uintx ProfiledCodeHeapSize                     = 122912730                              {pd product} {ergonomic}
    uintx ReservedCodeCacheSize                    = 251658240                              {pd product} {ergonomic}
     bool SegmentedCodeCache                       = true                                      {product} {ergonomic}
   size_t SoftMaxHeapSize                          = 2113929216                             {manageable} {ergonomic}
     bool UseCompressedClassPointers               = true                           {product lp64_product} {ergonomic}
     bool UseCompressedOops                        = true                           {product lp64_product} {ergonomic}
     bool UseG1GC                                  = true                                      {product} {ergonomic}
     bool UseLargePagesIndividualAllocation        = false                                  {pd product} {ergonomic}

Logging:
Log output configuration:
 #0: stdout all=warning uptime,level,tags
 #1: stderr all=off uptime,level,tags

Environment Variables:
PATH=C:\Program Files\Git\mingw64\libexec\git-core;C:\Program Files\Git\mingw64\libexec\git-core;C:\Program Files\Git\mingw64\bin;C:\Program Files\Git\usr\bin;C:\Users\VECI\bin;C:\Users\VECI\PycharmProjects\MecanicaProyect\.venv\Scripts;C:\Program Files\Common Files\Oracle\Java\javapath;C:\Program Files (x86)\Common Files\Oracle\Java\java8path;C:\Program Files (x86)\Common Files\Oracle\Java\javapath;C:\Windows\system32;C:\Windows;C:\Windows\System32\Wbem;C:\Windows\System32\WindowsPowerShell\v1.0;C:\Windows\System32\OpenSSH;C:\Program Files\Git\cmd;C:\Program Files\Docker\Docker\resources\bin;C:\Program Files (x86)\Microsoft SQL Server\160\Tools\Binn;C:\Program Files\Microsoft SQL Server\160\Tools\Binn;C:\Program Files\Microsoft SQL Server\Client SDK\ODBC\170\Tools\Binn;C:\Program Files\Microsoft SQL Server\160\DTS\Binn;C:\Program Files (x86)\Microsoft SQL Server\160\DTS\Binn;C:\Program Files\Microsoft SQL Server\150\Tools\Binn;C:\Program Files\dotnet;C:\Users\VECI\AppData\Local\Programs\Python\Launcher;C:\Users\VECI\AppData\Local\Microsoft\WindowsApps;C:\Users\VECI\AppData\Local\Programs\Microsoft VS Code\bin;C:\Program Files\JetBrains\PyCharm 2024.1.2\bin;C:\Users\VECI\.dotnet\tools
USERNAME=VECI
DISPLAY=:0.0
LC_ALL=en_US.UTF-8
TERM=xterm-256color
TMPDIR=C:\Users\VECI\AppData\Local\Temp
OS=Windows_NT
PROCESSOR_IDENTIFIER=Intel64 Family 6 Model 142 Stepping 10, GenuineIntel
TMP=C:\Users\VECI\AppData\Local\Temp
TEMP=C:\Users\VECI\AppData\Local\Temp



Periodic native trim disabled

JNI global refs:
JNI global refs: 0, weak refs: 0

JNI global refs memory usage: 0, weak refs: 0

Process memory usage:
Resident Set Size: 10852K (0% of 8250304K total physical memory with 687660K free physical memory)

OOME stack traces (most recent first):
Classloader memory used:


---------------  S Y S T E M  ---------------

OS:
 Windows 10 , 64 bit Build 19041 (10.0.19041.4957)
OS uptime: 1 days 6:31 hours
Hyper-V role detected

CPU: total 4 (initial active 4) (2 cores per cpu, 2 threads per core) family 6 model 142 stepping 10 microcode 0xca, cx8, cmov, fxsr, ht, mmx, 3dnowpref, sse, sse2, sse3, ssse3, sse4.1, sse4.2, popcnt, lzcnt, tsc, tscinvbit, avx, avx2, aes, erms, clmul, bmi1, bmi2, adx, fma, vzeroupper, clflush, clflushopt, hv
Processor Information for all 4 processors :
  Max Mhz: 2208, Current Mhz: 2208, Mhz Limit: 2208

Memory: 4k page, system-wide physical 8056M (671M free)
TotalPageFile size 16046M (AvailPageFile size 66M)
current process WorkingSet (physical memory assigned to process): 10M, peak: 10M
current process commit charge ("private bytes"): 52M, peak: 177M

vm_info: OpenJDK 64-Bit Server VM (17.0.11+1-b1207.24) for windows-amd64 JRE (17.0.11+1-b1207.24), built on 2024-05-15 by "builduser" with MS VC++ 16.10 / 16.11 (VS2019)

END.
